
--- GCM PoC ---------------------------------------------
52211@gpabon-dev-3402840 - [INFO oactive.remoteobject] Remote Object Factory provider <pamr, class org.objectweb.proactive.extensions.pamr.remoteobject.PAMRRemoteObjectFactory> found
52211@gpabon-dev-3402840 - [INFO oactive.remoteobject] Remote Object Factory provider <pnp, class org.objectweb.proactive.extensions.pnp.PNPRemoteObjectFactory> found
52211@gpabon-dev-3402840 - [INFO oactive.remoteobject] Remote Object Factory provider <pnps, class org.objectweb.proactive.extensions.pnpssl.PNPSslRemoteObjectFactory> found
52211@gpabon-dev-3402840 - [INFO oactive.remoteobject] Remote Object Factory provider <pamrd, class org.objectweb.proactive.extensions.pamrd.PAMRDRemoteObjectFactorySPI$PAMRDRemoteObjectFactory> found
52211@gpabon-dev-3402840 - [INFO oactive.remoteobject] Remote Object Factory provider <amqp, class org.objectweb.proactive.extensions.amqp.remoteobject.AMQPRemoteObjectFactory> found
52211@gpabon-dev-3402840 - [INFO oactive.remoteobject] Remote Object Factory provider <amqp-federation, class org.objectweb.proactive.extensions.amqp.federation.AMQPFederationRemoteObjectFactory> found
52211@gpabon-dev-3402840 - [INFO oactive.remoteobject] Remote Object Factory provider <rmissl, class org.objectweb.proactive.extra.rmissl.RmiSslRemoteObjectFactory> found
52211@gpabon-dev-3402840 - [INFO    communication.rmi] Created a new registry on port 1099
52211@gpabon-dev-3402840 - [WARN    proactive.runtime] You don't seem to be running the latest released version of ProActive
52211@gpabon-dev-3402840 - [WARN    proactive.runtime] Version you are using: 2015-01-27, latest version: 5.4.4
52211@gpabon-dev-3402840 - [WARN    proactive.runtime] To download the latest release, please visit http://www.activeeon.com/community-downloads
52211@gpabon-dev-3402840 - [WARN    proactive.runtime] To disable this check, set the proactive.runtime.ping property to false
198005: ActiveObject created ActiveObject_test.gpabon.gcmpoc.Server_92499
198121: ActiveObject created ActiveObject_test.gpabon.gcmpoc.Server_73855
198162: ActiveObject created ActiveObject_test.gpabon.gcmpoc.Server_5059
198186 - ActiveObject_test.gpabon.gcmpoc.Server_92499 onReceiveRequest size: 0
198188 - ActiveObject_test.gpabon.gcmpoc.Server_92499 onDeliverRequest size: 0
198192 - ActiveObject_test.gpabon.gcmpoc.Server_92499 onServeRequestBefore size: 0
198194 - ActiveObject_test.gpabon.gcmpoc.Server_92499 onServeRequestAfter size: 0
198195 - ActiveObject_test.gpabon.gcmpoc.Server_73855 onReceiveRequest size: 0
198196 - ActiveObject_test.gpabon.gcmpoc.Server_73855 onDeliverRequest size: 0
198196 - ActiveObject_test.gpabon.gcmpoc.Server_73855 onServeRequestBefore size: 0
198196 - ActiveObject_test.gpabon.gcmpoc.Server_73855 onServeRequestAfter size: 0
198200 - ActiveObject_test.gpabon.gcmpoc.Server_5059 onReceiveRequest size: 0
198200 - ActiveObject_test.gpabon.gcmpoc.Server_5059 onDeliverRequest size: 0
198200 - ActiveObject_test.gpabon.gcmpoc.Server_5059 onServeRequestBefore size: 0
198201 - ActiveObject_test.gpabon.gcmpoc.Server_92499 onReceiveRequest size: 0
198201 - ActiveObject_test.gpabon.gcmpoc.Server_92499 onDeliverRequest size: 0
198201 - ActiveObject_test.gpabon.gcmpoc.Server_5059 onServeRequestAfter size: 0
198201 Request 1 sent
198201 - ActiveObject_test.gpabon.gcmpoc.Server_92499 onServeRequestBefore size: 0
198201 - ActiveObject_test.gpabon.gcmpoc.Server_92499 onReceiveRequest size: 0
198201 - ActiveObject_test.gpabon.gcmpoc.Server_92499 onDeliverRequest size: 0
198201 Request 2 sent
198201 - ActiveObject_test.gpabon.gcmpoc.Server_92499 onReceiveRequest size: 1
198201 - ActiveObject_test.gpabon.gcmpoc.Server_92499 onDeliverRequest size: 1
198201 Request 3 sent
198201 - ActiveObject_test.gpabon.gcmpoc.Server_92499 onReceiveRequest size: 2
198201 - ActiveObject_test.gpabon.gcmpoc.Server_92499 onDeliverRequest size: 2
198201 Request 4 sent
198201 - ActiveObject_test.gpabon.gcmpoc.Server_92499 onReceiveRequest size: 3
198201 - ActiveObject_test.gpabon.gcmpoc.Server_92499 onDeliverRequest size: 3
198202 Request 5 sent
198203 - ActiveObject_test.gpabon.gcmpoc.Server_92499 onReceiveRequest size: 4
198203 - ActiveObject_test.gpabon.gcmpoc.Server_92499 onDeliverRequest size: 4
202201: Request 1 served by ActiveObject_test.gpabon.gcmpoc.Server_92499
202201 - ActiveObject_test.gpabon.gcmpoc.Server_92499 onServeRequestAfter size: 5
202201 - ActiveObject_test.gpabon.gcmpoc.Server_92499 onServeRequestBefore size: 4
206202: Request 2 served by ActiveObject_test.gpabon.gcmpoc.Server_92499
206202 - ActiveObject_test.gpabon.gcmpoc.Server_92499 onServeRequestAfter size: 4
206202 - ActiveObject_test.gpabon.gcmpoc.Server_92499 onServeRequestBefore size: 3
210202: Request 3 served by ActiveObject_test.gpabon.gcmpoc.Server_92499
210202 - ActiveObject_test.gpabon.gcmpoc.Server_92499 onServeRequestAfter size: 3
210202 - ActiveObject_test.gpabon.gcmpoc.Server_92499 onServeRequestBefore size: 2
214203: Request 4 served by ActiveObject_test.gpabon.gcmpoc.Server_92499
214203 - ActiveObject_test.gpabon.gcmpoc.Server_92499 onServeRequestAfter size: 2
214203 - ActiveObject_test.gpabon.gcmpoc.Server_92499 onServeRequestBefore size: 1
218203: Request 5 served by ActiveObject_test.gpabon.gcmpoc.Server_92499
218203 - ActiveObject_test.gpabon.gcmpoc.Server_92499 onServeRequestAfter size: 1
218203 - ActiveObject_test.gpabon.gcmpoc.Server_92499 onServeRequestBefore size: 0
218207 - ActiveObject_test.gpabon.gcmpoc.Server_92499 onServeRequestAfter size: body inactive
218207 - ActiveObject_test.gpabon.gcmpoc.Server_92499 terminated
218299 - ActiveObject_test.gpabon.gcmpoc.Server_73855 onReceiveRequest size: 0
218299 - ActiveObject_test.gpabon.gcmpoc.Server_73855 onDeliverRequest size: 0
218299 - ActiveObject_test.gpabon.gcmpoc.Server_73855 onServeRequestBefore size: 0
218300 - ActiveObject_test.gpabon.gcmpoc.Server_73855 onServeRequestAfter size: body inactive
218300 - ActiveObject_test.gpabon.gcmpoc.Server_73855 terminated
218328 - ActiveObject_test.gpabon.gcmpoc.Server_5059 onReceiveRequest size: 0
218329 - ActiveObject_test.gpabon.gcmpoc.Server_5059 onDeliverRequest size: 0
218329 - ActiveObject_test.gpabon.gcmpoc.Server_5059 onServeRequestBefore size: 0
218330 - ActiveObject_test.gpabon.gcmpoc.Server_5059 onServeRequestAfter size: body inactive
218330 - ActiveObject_test.gpabon.gcmpoc.Server_5059 terminated

------------------------------------------------------------
